{"D:\\Empresariales\\dojo-test\\app.js": {"path":"D:\\Empresariales\\dojo-test\\app.js","statementMap":{"0":{"start":{"line":1,"column":16},"end":{"line":1,"column":34}},"1":{"start":{"line":2,"column":12},"end":{"line":2,"column":21}},"2":{"start":{"line":3,"column":19},"end":{"line":3,"column":41}},"3":{"start":{"line":5,"column":0},"end":{"line":9,"column":3}},"4":{"start":{"line":6,"column":4},"end":{"line":8,"column":7}},"5":{"start":{"line":11,"column":0},"end":{"line":15,"column":3}},"6":{"start":{"line":12,"column":4},"end":{"line":14,"column":7}},"7":{"start":{"line":17,"column":0},"end":{"line":17,"column":21}}},"fnMap":{"0":{"name":"(anonymous_0)","decl":{"start":{"line":5,"column":16},"end":{"line":5,"column":17}},"loc":{"start":{"line":5,"column":30},"end":{"line":9,"column":1}},"line":5},"1":{"name":"(anonymous_1)","decl":{"start":{"line":11,"column":21},"end":{"line":11,"column":22}},"loc":{"start":{"line":11,"column":35},"end":{"line":15,"column":1}},"line":11}},"branchMap":{},"s":{"0":1,"1":1,"2":1,"3":1,"4":1,"5":1,"6":1,"7":1},"f":{"0":1,"1":1},"b":{},"_coverageSchema":"1a1c01bbd47fc00a2c39e90264f33305004495a9","hash":"0bddcb794480a45e593fc0e5c097f3e91db04d49"}
,"D:\\Empresariales\\dojo-test\\caculator.js": {"path":"D:\\Empresariales\\dojo-test\\caculator.js","statementMap":{"0":{"start":{"line":2,"column":4},"end":{"line":2,"column":17}},"1":{"start":{"line":6,"column":4},"end":{"line":6,"column":17}},"2":{"start":{"line":9,"column":0},"end":{"line":9,"column":25}},"3":{"start":{"line":10,"column":0},"end":{"line":10,"column":35}}},"fnMap":{"0":{"name":"add","decl":{"start":{"line":1,"column":9},"end":{"line":1,"column":12}},"loc":{"start":{"line":1,"column":19},"end":{"line":3,"column":1}},"line":1},"1":{"name":"subtract","decl":{"start":{"line":5,"column":9},"end":{"line":5,"column":17}},"loc":{"start":{"line":5,"column":24},"end":{"line":7,"column":1}},"line":5}},"branchMap":{},"s":{"0":3,"1":2,"2":2,"3":2},"f":{"0":3,"1":2},"b":{},"_coverageSchema":"1a1c01bbd47fc00a2c39e90264f33305004495a9","hash":"431d4960935d8857a29384ed6d0147bd7f11ec26"}
}
